23:11:13 INFO  : Launching XSCT server: xsct.bat -n  -interactive C:\Users\iankh\Documents\NTHU\8051\Project\test_zedboard\temp_xsdb_launch_script.tcl
23:11:13 INFO  : Registering command handlers for Vitis TCF services
23:11:18 INFO  : XSCT server has started successfully.
23:11:18 INFO  : plnx-install-location is set to ''
23:11:18 INFO  : Successfully done setting XSCT server connection channel  
23:11:18 INFO  : Successfully done setting workspace for the tool. 
23:11:18 INFO  : Platform repository initialization has completed.
23:11:18 INFO  : Successfully done query RDI_DATADIR 
23:12:54 INFO  : Result from executing command 'getProjects': hello_world_zed_test
23:12:54 INFO  : Result from executing command 'getPlatforms': 
23:14:21 INFO  : Successfully done sdx_reload_mss "C:/Users/iankh/Documents/NTHU/8051/Project/test_zedboard/hello_world_zed_test/ps7_cortexa9_0/standalone_domain/bsp/system.mss"
23:14:34 INFO  : Successfully done sdx_reload_mss "C:/Users/iankh/Documents/NTHU/8051/Project/test_zedboard/hello_world_zed_test/ps7_cortexa9_0/standalone_domain/bsp/system.mss"
23:14:34 INFO  : No changes in MSS file content so sources will not be generated.
23:16:33 INFO  : Result from executing command 'getProjects': hello_world_zed_test
23:16:33 INFO  : Result from executing command 'getPlatforms': hello_world_zed_test|C:/Users/iankh/Documents/NTHU/8051/Project/test_zedboard/hello_world_zed_test/export/hello_world_zed_test/hello_world_zed_test.xpfm
23:18:21 INFO  : Launching XSCT server: xsct.bat -n  -interactive C:\Users\iankh\Documents\NTHU\8051\Project\test_zedboard\temp_xsdb_launch_script.tcl
23:18:26 INFO  : XSCT server has started successfully.
23:18:26 INFO  : plnx-install-location is set to ''
23:18:26 INFO  : Successfully done setting XSCT server connection channel  
23:18:27 INFO  : Successfully done setting workspace for the tool. 
23:18:27 INFO  : Successfully done query RDI_DATADIR 
23:18:27 INFO  : Registering command handlers for Vitis TCF services
23:18:32 INFO  : Platform repository initialization has completed.
23:21:18 INFO  : Result from executing command 'getProjects': hello_world_zed_test
23:21:18 INFO  : Result from executing command 'getPlatforms': hello_world_zed_test|C:/Users/iankh/Documents/NTHU/8051/Project/test_zedboard/hello_world_zed_test/export/hello_world_zed_test/hello_world_zed_test.xpfm
23:21:18 INFO  : Checking for BSP changes to sync application flags for project 'hello_world'...
23:21:51 INFO  : Connected to target on host '127.0.0.1' and port '3121'.
23:22:09 INFO  : ----------------XSDB Script----------------
connect -url tcp:127.0.0.1:3121
----------------End of Script----------------

23:22:09 ERROR : Could not find ARM device on the board for connection 'Local'.
Check if the target is in:
1. Split JTAG - No operations are possible with ARM DAP.
2. Non JTAG bootmode - Bootrom may need time to enable DAP.
Please try again.


Troubleshooting hints:
1. Check whether board is connected to system properly.
2. In case of zynq board, check whether Digilent/Xilinx cable switch settings are correct.
3. If you are using Xilinx Platform Cable USB, ensure that status LED is green.
14:55:46 INFO  : Launching XSCT server: xsct.bat -n  -interactive C:\Users\iankh\Documents\NTHU\8051\Project\test_zedboard\temp_xsdb_launch_script.tcl
14:55:49 INFO  : XSCT server has started successfully.
14:55:50 INFO  : Successfully done setting XSCT server connection channel  
14:55:50 INFO  : plnx-install-location is set to ''
14:55:50 INFO  : Successfully done setting workspace for the tool. 
14:55:56 INFO  : Registering command handlers for Vitis TCF services
14:55:56 INFO  : Platform repository initialization has completed.
14:56:00 INFO  : Successfully done query RDI_DATADIR 
14:58:17 INFO  : Result from executing command 'getProjects': design_1_wrapper;hello_world_zed_test
14:58:17 INFO  : Result from executing command 'getPlatforms': hello_world_zed_test|C:/Users/iankh/Documents/NTHU/8051/Project/test_zedboard/hello_world_zed_test/export/hello_world_zed_test/hello_world_zed_test.xpfm
14:58:18 INFO  : Platform 'design_1_wrapper' is added to custom repositories.
14:58:29 INFO  : Platform 'design_1_wrapper' is added to custom repositories.
15:14:45 INFO  : Result from executing command 'getProjects': design_1_wrapper;hello_world_zed_test
15:14:45 INFO  : Result from executing command 'getPlatforms': design_1_wrapper|C:/Users/iankh/Documents/NTHU/8051/Project/test_zedboard/design_1_wrapper/export/design_1_wrapper/design_1_wrapper.xpfm;hello_world_zed_test|C:/Users/iankh/Documents/NTHU/8051/Project/test_zedboard/hello_world_zed_test/export/hello_world_zed_test/hello_world_zed_test.xpfm
15:14:45 INFO  : Checking for BSP changes to sync application flags for project 'NOT_GATE'...
15:23:17 INFO  : Connected to target on host '127.0.0.1' and port '3121'.
15:23:18 INFO  : 'targets -set -filter {jtag_cable_name =~ "Digilent Zed 210248B4A80B" && level==0 && jtag_device_ctx=="jsn-Zed-210248B4A80B-23727093-0"}' command is executed.
15:23:20 INFO  : FPGA configured successfully with bitstream "C:/Users/iankh/Documents/NTHU/8051/Project/test_zedboard/NOT_GATE/_ide/bitstream/design_1_wrapper.bit"
15:24:15 INFO  : Connected to target on host '127.0.0.1' and port '3121'.
15:24:16 INFO  : Jtag cable 'Digilent Zed 210248B4A80B' is selected.
15:24:16 INFO  : 'jtag frequency' command is executed.
15:24:16 INFO  : Context for 'APU' is selected.
15:24:16 INFO  : System reset is completed.
15:24:19 INFO  : 'after 3000' command is executed.
15:24:19 INFO  : 'targets -set -filter {jtag_cable_name =~ "Digilent Zed 210248B4A80B" && level==0 && jtag_device_ctx=="jsn-Zed-210248B4A80B-23727093-0"}' command is executed.
15:24:21 INFO  : FPGA configured successfully with bitstream "C:/Users/iankh/Documents/NTHU/8051/Project/test_zedboard/NOT_GATE/_ide/bitstream/design_1_wrapper.bit"
15:24:21 INFO  : Context for 'APU' is selected.
15:24:21 INFO  : Hardware design and registers information is loaded from 'C:/Users/iankh/Documents/NTHU/8051/Project/test_zedboard/design_1_wrapper/export/design_1_wrapper/hw/design_1_wrapper.xsa'.
15:24:21 INFO  : 'configparams force-mem-access 1' command is executed.
15:24:21 INFO  : Context for 'APU' is selected.
15:24:21 INFO  : Sourcing of 'C:/Users/iankh/Documents/NTHU/8051/Project/test_zedboard/NOT_GATE/_ide/psinit/ps7_init.tcl' is done.
15:24:22 INFO  : 'ps7_init' command is executed.
15:24:22 INFO  : 'ps7_post_config' command is executed.
15:24:22 INFO  : Context for processor 'ps7_cortexa9_0' is selected.
15:24:22 INFO  : The application 'C:/Users/iankh/Documents/NTHU/8051/Project/test_zedboard/NOT_GATE/Debug/NOT_GATE.elf' is downloaded to processor 'ps7_cortexa9_0'.
15:24:22 INFO  : 'configparams force-mem-access 0' command is executed.
15:24:22 INFO  : ----------------XSDB Script----------------
connect -url tcp:127.0.0.1:3121
targets -set -nocase -filter {name =~"APU*"}
rst -system
after 3000
targets -set -filter {jtag_cable_name =~ "Digilent Zed 210248B4A80B" && level==0 && jtag_device_ctx=="jsn-Zed-210248B4A80B-23727093-0"}
fpga -file C:/Users/iankh/Documents/NTHU/8051/Project/test_zedboard/NOT_GATE/_ide/bitstream/design_1_wrapper.bit
targets -set -nocase -filter {name =~"APU*"}
loadhw -hw C:/Users/iankh/Documents/NTHU/8051/Project/test_zedboard/design_1_wrapper/export/design_1_wrapper/hw/design_1_wrapper.xsa -mem-ranges [list {0x40000000 0xbfffffff}] -regs
configparams force-mem-access 1
targets -set -nocase -filter {name =~"APU*"}
source C:/Users/iankh/Documents/NTHU/8051/Project/test_zedboard/NOT_GATE/_ide/psinit/ps7_init.tcl
ps7_init
ps7_post_config
targets -set -nocase -filter {name =~ "*A9*#0"}
dow C:/Users/iankh/Documents/NTHU/8051/Project/test_zedboard/NOT_GATE/Debug/NOT_GATE.elf
configparams force-mem-access 0
----------------End of Script----------------

15:24:23 INFO  : Context for processor 'ps7_cortexa9_0' is selected.
15:24:23 INFO  : 'con' command is executed.
15:24:23 INFO  : ----------------XSDB Script (After Launch)----------------
targets -set -nocase -filter {name =~ "*A9*#0"}
con
----------------End of Script----------------

15:24:23 INFO  : Launch script is exported to file 'C:\Users\iankh\Documents\NTHU\8051\Project\test_zedboard\.sdk\launch_scripts\single_application_debug\debugger_not_gate-default.tcl'
15:29:42 INFO  : Disconnected from the channel tcfchan#2.
15:29:43 INFO  : Connected to target on host '127.0.0.1' and port '3121'.
15:29:43 INFO  : Jtag cable 'Digilent Zed 210248B4A80B' is selected.
15:29:43 INFO  : 'jtag frequency' command is executed.
15:29:43 INFO  : Context for 'APU' is selected.
15:29:43 INFO  : System reset is completed.
15:29:46 INFO  : 'after 3000' command is executed.
15:29:46 INFO  : 'targets -set -filter {jtag_cable_name =~ "Digilent Zed 210248B4A80B" && level==0 && jtag_device_ctx=="jsn-Zed-210248B4A80B-23727093-0"}' command is executed.
15:29:48 INFO  : FPGA configured successfully with bitstream "C:/Users/iankh/Documents/NTHU/8051/Project/test_zedboard/NOT_GATE/_ide/bitstream/design_1_wrapper.bit"
15:29:48 INFO  : Context for 'APU' is selected.
15:29:48 INFO  : Hardware design and registers information is loaded from 'C:/Users/iankh/Documents/NTHU/8051/Project/test_zedboard/design_1_wrapper/export/design_1_wrapper/hw/design_1_wrapper.xsa'.
15:29:49 INFO  : 'configparams force-mem-access 1' command is executed.
15:29:49 INFO  : Context for 'APU' is selected.
15:29:49 INFO  : Sourcing of 'C:/Users/iankh/Documents/NTHU/8051/Project/test_zedboard/NOT_GATE/_ide/psinit/ps7_init.tcl' is done.
15:29:49 INFO  : 'ps7_init' command is executed.
15:29:49 INFO  : 'ps7_post_config' command is executed.
15:29:49 INFO  : Context for processor 'ps7_cortexa9_0' is selected.
15:29:50 INFO  : The application 'C:/Users/iankh/Documents/NTHU/8051/Project/test_zedboard/NOT_GATE/Debug/NOT_GATE.elf' is downloaded to processor 'ps7_cortexa9_0'.
15:29:50 INFO  : 'configparams force-mem-access 0' command is executed.
15:29:50 INFO  : ----------------XSDB Script----------------
connect -url tcp:127.0.0.1:3121
targets -set -nocase -filter {name =~"APU*"}
rst -system
after 3000
targets -set -filter {jtag_cable_name =~ "Digilent Zed 210248B4A80B" && level==0 && jtag_device_ctx=="jsn-Zed-210248B4A80B-23727093-0"}
fpga -file C:/Users/iankh/Documents/NTHU/8051/Project/test_zedboard/NOT_GATE/_ide/bitstream/design_1_wrapper.bit
targets -set -nocase -filter {name =~"APU*"}
loadhw -hw C:/Users/iankh/Documents/NTHU/8051/Project/test_zedboard/design_1_wrapper/export/design_1_wrapper/hw/design_1_wrapper.xsa -mem-ranges [list {0x40000000 0xbfffffff}] -regs
configparams force-mem-access 1
targets -set -nocase -filter {name =~"APU*"}
source C:/Users/iankh/Documents/NTHU/8051/Project/test_zedboard/NOT_GATE/_ide/psinit/ps7_init.tcl
ps7_init
ps7_post_config
targets -set -nocase -filter {name =~ "*A9*#0"}
dow C:/Users/iankh/Documents/NTHU/8051/Project/test_zedboard/NOT_GATE/Debug/NOT_GATE.elf
configparams force-mem-access 0
----------------End of Script----------------

15:29:50 INFO  : Context for processor 'ps7_cortexa9_0' is selected.
15:29:50 INFO  : 'con' command is executed.
15:29:50 INFO  : ----------------XSDB Script (After Launch)----------------
targets -set -nocase -filter {name =~ "*A9*#0"}
con
----------------End of Script----------------

15:29:50 INFO  : Launch script is exported to file 'C:\Users\iankh\Documents\NTHU\8051\Project\test_zedboard\.sdk\launch_scripts\single_application_debug\systemdebugger_not_gate_system_standalone.tcl'
15:30:40 INFO  : Connected to target on host '127.0.0.1' and port '3121'.
15:30:40 INFO  : Jtag cable 'Digilent Zed 210248B4A80B' is selected.
15:30:40 INFO  : 'jtag frequency' command is executed.
15:30:40 INFO  : Context for 'APU' is selected.
15:30:40 INFO  : System reset is completed.
15:30:43 INFO  : 'after 3000' command is executed.
15:30:44 INFO  : 'targets -set -filter {jtag_cable_name =~ "Digilent Zed 210248B4A80B" && level==0 && jtag_device_ctx=="jsn-Zed-210248B4A80B-23727093-0"}' command is executed.
15:30:46 INFO  : FPGA configured successfully with bitstream "C:/Users/iankh/Documents/NTHU/8051/Project/test_zedboard/NOT_GATE/_ide/bitstream/design_1_wrapper.bit"
15:30:46 INFO  : Context for 'APU' is selected.
15:30:46 INFO  : Hardware design and registers information is loaded from 'C:/Users/iankh/Documents/NTHU/8051/Project/test_zedboard/design_1_wrapper/export/design_1_wrapper/hw/design_1_wrapper.xsa'.
15:30:46 INFO  : 'configparams force-mem-access 1' command is executed.
15:30:46 INFO  : Context for 'APU' is selected.
15:30:46 INFO  : Sourcing of 'C:/Users/iankh/Documents/NTHU/8051/Project/test_zedboard/NOT_GATE/_ide/psinit/ps7_init.tcl' is done.
15:30:47 INFO  : 'ps7_init' command is executed.
15:30:47 INFO  : 'ps7_post_config' command is executed.
15:30:47 INFO  : Context for processor 'ps7_cortexa9_0' is selected.
15:30:47 INFO  : The application 'C:/Users/iankh/Documents/NTHU/8051/Project/test_zedboard/NOT_GATE/Debug/NOT_GATE.elf' is downloaded to processor 'ps7_cortexa9_0'.
15:30:47 INFO  : 'configparams force-mem-access 0' command is executed.
15:30:47 INFO  : ----------------XSDB Script----------------
connect -url tcp:127.0.0.1:3121
targets -set -nocase -filter {name =~"APU*"}
rst -system
after 3000
targets -set -filter {jtag_cable_name =~ "Digilent Zed 210248B4A80B" && level==0 && jtag_device_ctx=="jsn-Zed-210248B4A80B-23727093-0"}
fpga -file C:/Users/iankh/Documents/NTHU/8051/Project/test_zedboard/NOT_GATE/_ide/bitstream/design_1_wrapper.bit
targets -set -nocase -filter {name =~"APU*"}
loadhw -hw C:/Users/iankh/Documents/NTHU/8051/Project/test_zedboard/design_1_wrapper/export/design_1_wrapper/hw/design_1_wrapper.xsa -mem-ranges [list {0x40000000 0xbfffffff}] -regs
configparams force-mem-access 1
targets -set -nocase -filter {name =~"APU*"}
source C:/Users/iankh/Documents/NTHU/8051/Project/test_zedboard/NOT_GATE/_ide/psinit/ps7_init.tcl
ps7_init
ps7_post_config
targets -set -nocase -filter {name =~ "*A9*#0"}
dow C:/Users/iankh/Documents/NTHU/8051/Project/test_zedboard/NOT_GATE/Debug/NOT_GATE.elf
configparams force-mem-access 0
----------------End of Script----------------

15:30:47 INFO  : Context for processor 'ps7_cortexa9_0' is selected.
15:30:47 INFO  : 'con' command is executed.
15:30:47 INFO  : ----------------XSDB Script (After Launch)----------------
targets -set -nocase -filter {name =~ "*A9*#0"}
con
----------------End of Script----------------

15:30:47 INFO  : Disconnected from the channel tcfchan#3.
15:35:32 WARN  : channel "tcfchan#3" closed
15:35:33 INFO  : Connected to target on host '127.0.0.1' and port '3121'.
15:35:33 INFO  : Jtag cable 'Digilent Zed 210248B4A80B' is selected.
15:35:33 INFO  : 'jtag frequency' command is executed.
15:35:33 INFO  : Context for 'APU' is selected.
15:35:33 INFO  : System reset is completed.
15:35:36 INFO  : 'after 3000' command is executed.
15:35:36 INFO  : 'targets -set -filter {jtag_cable_name =~ "Digilent Zed 210248B4A80B" && level==0 && jtag_device_ctx=="jsn-Zed-210248B4A80B-23727093-0"}' command is executed.
15:35:39 INFO  : FPGA configured successfully with bitstream "C:/Users/iankh/Documents/NTHU/8051/Project/test_zedboard/NOT_GATE/_ide/bitstream/design_1_wrapper.bit"
15:35:39 INFO  : Context for 'APU' is selected.
15:35:39 INFO  : Hardware design and registers information is loaded from 'C:/Users/iankh/Documents/NTHU/8051/Project/test_zedboard/design_1_wrapper/export/design_1_wrapper/hw/design_1_wrapper.xsa'.
15:35:39 INFO  : 'configparams force-mem-access 1' command is executed.
15:35:39 INFO  : Context for 'APU' is selected.
15:35:39 INFO  : Sourcing of 'C:/Users/iankh/Documents/NTHU/8051/Project/test_zedboard/NOT_GATE/_ide/psinit/ps7_init.tcl' is done.
15:35:39 INFO  : 'ps7_init' command is executed.
15:35:39 INFO  : 'ps7_post_config' command is executed.
15:35:39 INFO  : Context for processor 'ps7_cortexa9_0' is selected.
15:35:39 INFO  : The application 'C:/Users/iankh/Documents/NTHU/8051/Project/test_zedboard/NOT_GATE/Debug/NOT_GATE.elf' is downloaded to processor 'ps7_cortexa9_0'.
15:35:40 INFO  : 'configparams force-mem-access 0' command is executed.
15:35:40 INFO  : ----------------XSDB Script----------------
connect -url tcp:127.0.0.1:3121
targets -set -nocase -filter {name =~"APU*"}
rst -system
after 3000
targets -set -filter {jtag_cable_name =~ "Digilent Zed 210248B4A80B" && level==0 && jtag_device_ctx=="jsn-Zed-210248B4A80B-23727093-0"}
fpga -file C:/Users/iankh/Documents/NTHU/8051/Project/test_zedboard/NOT_GATE/_ide/bitstream/design_1_wrapper.bit
targets -set -nocase -filter {name =~"APU*"}
loadhw -hw C:/Users/iankh/Documents/NTHU/8051/Project/test_zedboard/design_1_wrapper/export/design_1_wrapper/hw/design_1_wrapper.xsa -mem-ranges [list {0x40000000 0xbfffffff}] -regs
configparams force-mem-access 1
targets -set -nocase -filter {name =~"APU*"}
source C:/Users/iankh/Documents/NTHU/8051/Project/test_zedboard/NOT_GATE/_ide/psinit/ps7_init.tcl
ps7_init
ps7_post_config
targets -set -nocase -filter {name =~ "*A9*#0"}
dow C:/Users/iankh/Documents/NTHU/8051/Project/test_zedboard/NOT_GATE/Debug/NOT_GATE.elf
configparams force-mem-access 0
----------------End of Script----------------

15:35:40 INFO  : Context for processor 'ps7_cortexa9_0' is selected.
15:35:40 INFO  : 'con' command is executed.
15:35:40 INFO  : ----------------XSDB Script (After Launch)----------------
targets -set -nocase -filter {name =~ "*A9*#0"}
con
----------------End of Script----------------

15:35:40 INFO  : Launch script is exported to file 'C:\Users\iankh\Documents\NTHU\8051\Project\test_zedboard\.sdk\launch_scripts\single_application_debug\systemdebugger_not_gate_system_1_standalone.tcl'
15:36:06 ERROR : (XSDB Server)wrong # args: should be "while test command"

15:36:13 ERROR : (XSDB Server)child process exited abnormally

15:36:24 ERROR : (XSDB Server)invalid command name "hello_world"

15:36:25 ERROR : (XSDB Server)invalid command name "main"

15:36:28 ERROR : (XSDB Server)invalid command name "main()"

15:36:36 ERROR : (XSDB Server)ambiguous command name "h": help history hsi hsiutils

15:36:53 ERROR : (XSDB Server)wrong # args: should be "jtag subcommand ?argument ...?"

15:39:11 INFO  : Connected to target on host '127.0.0.1' and port '3121'.
15:39:11 INFO  : Jtag cable 'Digilent Zed 210248B4A80B' is selected.
15:39:11 INFO  : 'jtag frequency' command is executed.
15:39:11 INFO  : Context for 'APU' is selected.
15:39:11 INFO  : System reset is completed.
15:39:14 INFO  : 'after 3000' command is executed.
15:39:14 INFO  : 'targets -set -filter {jtag_cable_name =~ "Digilent Zed 210248B4A80B" && level==0 && jtag_device_ctx=="jsn-Zed-210248B4A80B-23727093-0"}' command is executed.
15:39:17 INFO  : FPGA configured successfully with bitstream "C:/Users/iankh/Documents/NTHU/8051/Project/test_zedboard/NOT_GATE/_ide/bitstream/design_1_wrapper.bit"
15:39:17 INFO  : Context for 'APU' is selected.
15:39:17 INFO  : Hardware design and registers information is loaded from 'C:/Users/iankh/Documents/NTHU/8051/Project/test_zedboard/design_1_wrapper/export/design_1_wrapper/hw/design_1_wrapper.xsa'.
15:39:17 INFO  : 'configparams force-mem-access 1' command is executed.
15:39:17 INFO  : Context for 'APU' is selected.
15:39:17 INFO  : Sourcing of 'C:/Users/iankh/Documents/NTHU/8051/Project/test_zedboard/NOT_GATE/_ide/psinit/ps7_init.tcl' is done.
15:39:17 INFO  : 'ps7_init' command is executed.
15:39:17 INFO  : 'ps7_post_config' command is executed.
15:39:17 INFO  : Context for processor 'ps7_cortexa9_0' is selected.
15:39:17 INFO  : The application 'C:/Users/iankh/Documents/NTHU/8051/Project/test_zedboard/NOT_GATE/Debug/NOT_GATE.elf' is downloaded to processor 'ps7_cortexa9_0'.
15:39:18 INFO  : 'configparams force-mem-access 0' command is executed.
15:39:18 INFO  : ----------------XSDB Script----------------
connect -url tcp:127.0.0.1:3121
targets -set -nocase -filter {name =~"APU*"}
rst -system
after 3000
targets -set -filter {jtag_cable_name =~ "Digilent Zed 210248B4A80B" && level==0 && jtag_device_ctx=="jsn-Zed-210248B4A80B-23727093-0"}
fpga -file C:/Users/iankh/Documents/NTHU/8051/Project/test_zedboard/NOT_GATE/_ide/bitstream/design_1_wrapper.bit
targets -set -nocase -filter {name =~"APU*"}
loadhw -hw C:/Users/iankh/Documents/NTHU/8051/Project/test_zedboard/design_1_wrapper/export/design_1_wrapper/hw/design_1_wrapper.xsa -mem-ranges [list {0x40000000 0xbfffffff}] -regs
configparams force-mem-access 1
targets -set -nocase -filter {name =~"APU*"}
source C:/Users/iankh/Documents/NTHU/8051/Project/test_zedboard/NOT_GATE/_ide/psinit/ps7_init.tcl
ps7_init
ps7_post_config
targets -set -nocase -filter {name =~ "*A9*#0"}
dow C:/Users/iankh/Documents/NTHU/8051/Project/test_zedboard/NOT_GATE/Debug/NOT_GATE.elf
configparams force-mem-access 0
----------------End of Script----------------

15:39:18 INFO  : Context for processor 'ps7_cortexa9_0' is selected.
15:39:18 INFO  : 'con' command is executed.
15:39:18 INFO  : ----------------XSDB Script (After Launch)----------------
targets -set -nocase -filter {name =~ "*A9*#0"}
con
----------------End of Script----------------

15:39:18 INFO  : Disconnected from the channel tcfchan#4.
15:39:42 INFO  : Checking for BSP changes to sync application flags for project 'NOT_GATE'...
15:40:00 WARN  : channel "tcfchan#4" closed
15:40:01 INFO  : Connected to target on host '127.0.0.1' and port '3121'.
15:40:02 INFO  : Jtag cable 'Digilent Zed 210248B4A80B' is selected.
15:40:02 INFO  : 'jtag frequency' command is executed.
15:40:02 INFO  : Context for 'APU' is selected.
15:40:02 INFO  : System reset is completed.
15:40:05 INFO  : 'after 3000' command is executed.
15:40:05 INFO  : 'targets -set -filter {jtag_cable_name =~ "Digilent Zed 210248B4A80B" && level==0 && jtag_device_ctx=="jsn-Zed-210248B4A80B-23727093-0"}' command is executed.
15:40:07 INFO  : FPGA configured successfully with bitstream "C:/Users/iankh/Documents/NTHU/8051/Project/test_zedboard/NOT_GATE/_ide/bitstream/design_1_wrapper.bit"
15:40:07 INFO  : Context for 'APU' is selected.
15:40:07 INFO  : Hardware design and registers information is loaded from 'C:/Users/iankh/Documents/NTHU/8051/Project/test_zedboard/design_1_wrapper/export/design_1_wrapper/hw/design_1_wrapper.xsa'.
15:40:07 INFO  : 'configparams force-mem-access 1' command is executed.
15:40:07 INFO  : Context for 'APU' is selected.
15:40:07 INFO  : Sourcing of 'C:/Users/iankh/Documents/NTHU/8051/Project/test_zedboard/NOT_GATE/_ide/psinit/ps7_init.tcl' is done.
15:40:08 INFO  : 'ps7_init' command is executed.
15:40:08 INFO  : 'ps7_post_config' command is executed.
15:40:08 INFO  : Context for processor 'ps7_cortexa9_0' is selected.
15:40:08 INFO  : The application 'C:/Users/iankh/Documents/NTHU/8051/Project/test_zedboard/NOT_GATE/Debug/NOT_GATE.elf' is downloaded to processor 'ps7_cortexa9_0'.
15:40:08 INFO  : 'configparams force-mem-access 0' command is executed.
15:40:08 INFO  : ----------------XSDB Script----------------
connect -url tcp:127.0.0.1:3121
targets -set -nocase -filter {name =~"APU*"}
rst -system
after 3000
targets -set -filter {jtag_cable_name =~ "Digilent Zed 210248B4A80B" && level==0 && jtag_device_ctx=="jsn-Zed-210248B4A80B-23727093-0"}
fpga -file C:/Users/iankh/Documents/NTHU/8051/Project/test_zedboard/NOT_GATE/_ide/bitstream/design_1_wrapper.bit
targets -set -nocase -filter {name =~"APU*"}
loadhw -hw C:/Users/iankh/Documents/NTHU/8051/Project/test_zedboard/design_1_wrapper/export/design_1_wrapper/hw/design_1_wrapper.xsa -mem-ranges [list {0x40000000 0xbfffffff}] -regs
configparams force-mem-access 1
targets -set -nocase -filter {name =~"APU*"}
source C:/Users/iankh/Documents/NTHU/8051/Project/test_zedboard/NOT_GATE/_ide/psinit/ps7_init.tcl
ps7_init
ps7_post_config
targets -set -nocase -filter {name =~ "*A9*#0"}
dow C:/Users/iankh/Documents/NTHU/8051/Project/test_zedboard/NOT_GATE/Debug/NOT_GATE.elf
configparams force-mem-access 0
----------------End of Script----------------

15:40:08 INFO  : Context for processor 'ps7_cortexa9_0' is selected.
15:40:08 INFO  : 'con' command is executed.
15:40:08 INFO  : ----------------XSDB Script (After Launch)----------------
targets -set -nocase -filter {name =~ "*A9*#0"}
con
----------------End of Script----------------

15:40:08 INFO  : Launch script is exported to file 'C:\Users\iankh\Documents\NTHU\8051\Project\test_zedboard\.sdk\launch_scripts\single_application_debug\debugger_not_gate-default.tcl'
15:43:33 INFO  : Disconnected from the channel tcfchan#5.
15:44:38 INFO  : Launching XSCT server: xsct.bat -n  -interactive C:\Users\iankh\Documents\NTHU\8051\Project\test_zedboard\temp_xsdb_launch_script.tcl
15:44:42 INFO  : XSCT server has started successfully.
15:44:42 INFO  : Successfully done setting XSCT server connection channel  
15:44:42 INFO  : plnx-install-location is set to ''
15:44:42 INFO  : Successfully done setting workspace for the tool. 
15:44:49 INFO  : Registering command handlers for Vitis TCF services
15:44:49 INFO  : Platform repository initialization has completed.
15:44:50 INFO  : Successfully done query RDI_DATADIR 
15:50:55 INFO  : Checking for BSP changes to sync application flags for project 'NOT_GATE'...
15:51:24 INFO  : Connected to target on host '127.0.0.1' and port '3121'.
15:51:24 INFO  : Jtag cable 'Digilent Zed 210248B4A80B' is selected.
15:51:24 INFO  : 'jtag frequency' command is executed.
15:51:24 INFO  : Context for 'APU' is selected.
15:51:24 INFO  : System reset is completed.
15:51:27 INFO  : 'after 3000' command is executed.
15:51:27 INFO  : 'targets -set -filter {jtag_cable_name =~ "Digilent Zed 210248B4A80B" && level==0 && jtag_device_ctx=="jsn-Zed-210248B4A80B-23727093-0"}' command is executed.
15:51:30 INFO  : FPGA configured successfully with bitstream "C:/Users/iankh/Documents/NTHU/8051/Project/test_zedboard/NOT_GATE/_ide/bitstream/design_1_wrapper.bit"
15:51:30 INFO  : Context for 'APU' is selected.
15:51:30 INFO  : Hardware design and registers information is loaded from 'C:/Users/iankh/Documents/NTHU/8051/Project/test_zedboard/design_1_wrapper/export/design_1_wrapper/hw/design_1_wrapper.xsa'.
15:51:30 INFO  : 'configparams force-mem-access 1' command is executed.
15:51:30 INFO  : Context for 'APU' is selected.
15:51:30 INFO  : Sourcing of 'C:/Users/iankh/Documents/NTHU/8051/Project/test_zedboard/NOT_GATE/_ide/psinit/ps7_init.tcl' is done.
15:51:31 INFO  : 'ps7_init' command is executed.
15:51:31 INFO  : 'ps7_post_config' command is executed.
15:51:31 INFO  : Context for processor 'ps7_cortexa9_0' is selected.
15:51:31 INFO  : The application 'C:/Users/iankh/Documents/NTHU/8051/Project/test_zedboard/NOT_GATE/Debug/NOT_GATE.elf' is downloaded to processor 'ps7_cortexa9_0'.
15:51:31 INFO  : 'configparams force-mem-access 0' command is executed.
15:51:31 INFO  : ----------------XSDB Script----------------
connect -url tcp:127.0.0.1:3121
targets -set -nocase -filter {name =~"APU*"}
rst -system
after 3000
targets -set -filter {jtag_cable_name =~ "Digilent Zed 210248B4A80B" && level==0 && jtag_device_ctx=="jsn-Zed-210248B4A80B-23727093-0"}
fpga -file C:/Users/iankh/Documents/NTHU/8051/Project/test_zedboard/NOT_GATE/_ide/bitstream/design_1_wrapper.bit
targets -set -nocase -filter {name =~"APU*"}
loadhw -hw C:/Users/iankh/Documents/NTHU/8051/Project/test_zedboard/design_1_wrapper/export/design_1_wrapper/hw/design_1_wrapper.xsa -mem-ranges [list {0x40000000 0xbfffffff}] -regs
configparams force-mem-access 1
targets -set -nocase -filter {name =~"APU*"}
source C:/Users/iankh/Documents/NTHU/8051/Project/test_zedboard/NOT_GATE/_ide/psinit/ps7_init.tcl
ps7_init
ps7_post_config
targets -set -nocase -filter {name =~ "*A9*#0"}
dow C:/Users/iankh/Documents/NTHU/8051/Project/test_zedboard/NOT_GATE/Debug/NOT_GATE.elf
configparams force-mem-access 0
----------------End of Script----------------

15:51:31 INFO  : Context for processor 'ps7_cortexa9_0' is selected.
15:51:31 INFO  : 'con' command is executed.
15:51:31 INFO  : ----------------XSDB Script (After Launch)----------------
targets -set -nocase -filter {name =~ "*A9*#0"}
con
----------------End of Script----------------

15:51:31 INFO  : Launch script is exported to file 'C:\Users\iankh\Documents\NTHU\8051\Project\test_zedboard\.sdk\launch_scripts\single_application_debug\debugger_not_gate-default.tcl'
16:01:45 INFO  : Checking for BSP changes to sync application flags for project 'NOT_GATE'...
16:01:54 INFO  : Disconnected from the channel tcfchan#1.
16:01:55 INFO  : Connected to target on host '127.0.0.1' and port '3121'.
16:02:13 INFO  : ----------------XSDB Script----------------
connect -url tcp:127.0.0.1:3121
----------------End of Script----------------

16:02:13 ERROR : Could not find ARM device on the board for connection 'Local'.
Check if the target is in:
1. Split JTAG - No operations are possible with ARM DAP.
2. Non JTAG bootmode - Bootrom may need time to enable DAP.
Please try again.


Troubleshooting hints:
1. Check whether board is connected to system properly.
2. In case of zynq board, check whether Digilent/Xilinx cable switch settings are correct.
3. If you are using Xilinx Platform Cable USB, ensure that status LED is green.
16:02:39 INFO  : Connected to target on host '127.0.0.1' and port '3121'.
16:02:39 INFO  : Jtag cable 'Digilent Zed 210248B4A80B' is selected.
16:02:39 INFO  : 'jtag frequency' command is executed.
16:02:39 INFO  : Context for 'APU' is selected.
16:02:39 INFO  : System reset is completed.
16:02:42 INFO  : 'after 3000' command is executed.
16:02:43 INFO  : 'targets -set -filter {jtag_cable_name =~ "Digilent Zed 210248B4A80B" && level==0 && jtag_device_ctx=="jsn-Zed-210248B4A80B-23727093-0"}' command is executed.
16:02:45 INFO  : FPGA configured successfully with bitstream "C:/Users/iankh/Documents/NTHU/8051/Project/test_zedboard/NOT_GATE/_ide/bitstream/design_1_wrapper.bit"
16:02:45 INFO  : Context for 'APU' is selected.
16:02:48 INFO  : Hardware design and registers information is loaded from 'C:/Users/iankh/Documents/NTHU/8051/Project/test_zedboard/design_1_wrapper/export/design_1_wrapper/hw/design_1_wrapper.xsa'.
16:02:48 INFO  : 'configparams force-mem-access 1' command is executed.
16:02:48 INFO  : Context for 'APU' is selected.
16:02:48 INFO  : Sourcing of 'C:/Users/iankh/Documents/NTHU/8051/Project/test_zedboard/NOT_GATE/_ide/psinit/ps7_init.tcl' is done.
16:02:49 INFO  : 'ps7_init' command is executed.
16:02:49 INFO  : 'ps7_post_config' command is executed.
16:02:49 INFO  : Context for processor 'ps7_cortexa9_0' is selected.
16:02:49 INFO  : The application 'C:/Users/iankh/Documents/NTHU/8051/Project/test_zedboard/NOT_GATE/Debug/NOT_GATE.elf' is downloaded to processor 'ps7_cortexa9_0'.
16:02:49 INFO  : 'configparams force-mem-access 0' command is executed.
16:02:49 INFO  : ----------------XSDB Script----------------
connect -url tcp:127.0.0.1:3121
targets -set -nocase -filter {name =~"APU*"}
rst -system
after 3000
targets -set -filter {jtag_cable_name =~ "Digilent Zed 210248B4A80B" && level==0 && jtag_device_ctx=="jsn-Zed-210248B4A80B-23727093-0"}
fpga -file C:/Users/iankh/Documents/NTHU/8051/Project/test_zedboard/NOT_GATE/_ide/bitstream/design_1_wrapper.bit
targets -set -nocase -filter {name =~"APU*"}
loadhw -hw C:/Users/iankh/Documents/NTHU/8051/Project/test_zedboard/design_1_wrapper/export/design_1_wrapper/hw/design_1_wrapper.xsa -mem-ranges [list {0x40000000 0xbfffffff}] -regs
configparams force-mem-access 1
targets -set -nocase -filter {name =~"APU*"}
source C:/Users/iankh/Documents/NTHU/8051/Project/test_zedboard/NOT_GATE/_ide/psinit/ps7_init.tcl
ps7_init
ps7_post_config
targets -set -nocase -filter {name =~ "*A9*#0"}
dow C:/Users/iankh/Documents/NTHU/8051/Project/test_zedboard/NOT_GATE/Debug/NOT_GATE.elf
configparams force-mem-access 0
----------------End of Script----------------

16:02:49 INFO  : Context for processor 'ps7_cortexa9_0' is selected.
16:02:49 INFO  : 'con' command is executed.
16:02:49 INFO  : ----------------XSDB Script (After Launch)----------------
targets -set -nocase -filter {name =~ "*A9*#0"}
con
----------------End of Script----------------

16:02:49 INFO  : Launch script is exported to file 'C:\Users\iankh\Documents\NTHU\8051\Project\test_zedboard\.sdk\launch_scripts\single_application_debug\debugger_not_gate-default.tcl'
16:03:23 INFO  : Checking for BSP changes to sync application flags for project 'NOT_GATE'...
16:03:28 INFO  : Disconnected from the channel tcfchan#2.
16:03:29 INFO  : Connected to target on host '127.0.0.1' and port '3121'.
16:03:29 INFO  : Jtag cable 'Digilent Zed 210248B4A80B' is selected.
16:03:29 INFO  : 'jtag frequency' command is executed.
16:03:29 INFO  : Context for 'APU' is selected.
16:03:29 INFO  : System reset is completed.
16:03:32 INFO  : 'after 3000' command is executed.
16:03:32 INFO  : 'targets -set -filter {jtag_cable_name =~ "Digilent Zed 210248B4A80B" && level==0 && jtag_device_ctx=="jsn-Zed-210248B4A80B-23727093-0"}' command is executed.
16:03:35 INFO  : FPGA configured successfully with bitstream "C:/Users/iankh/Documents/NTHU/8051/Project/test_zedboard/NOT_GATE/_ide/bitstream/design_1_wrapper.bit"
16:03:35 INFO  : Context for 'APU' is selected.
16:03:37 INFO  : Hardware design and registers information is loaded from 'C:/Users/iankh/Documents/NTHU/8051/Project/test_zedboard/design_1_wrapper/export/design_1_wrapper/hw/design_1_wrapper.xsa'.
16:03:37 INFO  : 'configparams force-mem-access 1' command is executed.
16:03:37 INFO  : Context for 'APU' is selected.
16:03:37 INFO  : Sourcing of 'C:/Users/iankh/Documents/NTHU/8051/Project/test_zedboard/NOT_GATE/_ide/psinit/ps7_init.tcl' is done.
16:03:38 INFO  : 'ps7_init' command is executed.
16:03:38 INFO  : 'ps7_post_config' command is executed.
16:03:38 INFO  : Context for processor 'ps7_cortexa9_0' is selected.
16:03:38 INFO  : The application 'C:/Users/iankh/Documents/NTHU/8051/Project/test_zedboard/NOT_GATE/Debug/NOT_GATE.elf' is downloaded to processor 'ps7_cortexa9_0'.
16:03:38 INFO  : 'configparams force-mem-access 0' command is executed.
16:03:38 INFO  : ----------------XSDB Script----------------
connect -url tcp:127.0.0.1:3121
targets -set -nocase -filter {name =~"APU*"}
rst -system
after 3000
targets -set -filter {jtag_cable_name =~ "Digilent Zed 210248B4A80B" && level==0 && jtag_device_ctx=="jsn-Zed-210248B4A80B-23727093-0"}
fpga -file C:/Users/iankh/Documents/NTHU/8051/Project/test_zedboard/NOT_GATE/_ide/bitstream/design_1_wrapper.bit
targets -set -nocase -filter {name =~"APU*"}
loadhw -hw C:/Users/iankh/Documents/NTHU/8051/Project/test_zedboard/design_1_wrapper/export/design_1_wrapper/hw/design_1_wrapper.xsa -mem-ranges [list {0x40000000 0xbfffffff}] -regs
configparams force-mem-access 1
targets -set -nocase -filter {name =~"APU*"}
source C:/Users/iankh/Documents/NTHU/8051/Project/test_zedboard/NOT_GATE/_ide/psinit/ps7_init.tcl
ps7_init
ps7_post_config
targets -set -nocase -filter {name =~ "*A9*#0"}
dow C:/Users/iankh/Documents/NTHU/8051/Project/test_zedboard/NOT_GATE/Debug/NOT_GATE.elf
configparams force-mem-access 0
----------------End of Script----------------

16:03:38 INFO  : Context for processor 'ps7_cortexa9_0' is selected.
16:03:38 INFO  : 'con' command is executed.
16:03:38 INFO  : ----------------XSDB Script (After Launch)----------------
targets -set -nocase -filter {name =~ "*A9*#0"}
con
----------------End of Script----------------

16:03:38 INFO  : Launch script is exported to file 'C:\Users\iankh\Documents\NTHU\8051\Project\test_zedboard\.sdk\launch_scripts\single_application_debug\debugger_not_gate-default.tcl'
16:08:23 INFO  : Checking for BSP changes to sync application flags for project 'NOT_GATE'...
16:08:29 INFO  : Disconnected from the channel tcfchan#3.
16:08:30 INFO  : Connected to target on host '127.0.0.1' and port '3121'.
16:08:30 INFO  : Jtag cable 'Digilent Zed 210248B4A80B' is selected.
16:08:30 INFO  : 'jtag frequency' command is executed.
16:08:30 INFO  : Context for 'APU' is selected.
16:08:30 INFO  : System reset is completed.
16:08:33 INFO  : 'after 3000' command is executed.
16:08:33 INFO  : 'targets -set -filter {jtag_cable_name =~ "Digilent Zed 210248B4A80B" && level==0 && jtag_device_ctx=="jsn-Zed-210248B4A80B-23727093-0"}' command is executed.
16:08:35 INFO  : FPGA configured successfully with bitstream "C:/Users/iankh/Documents/NTHU/8051/Project/test_zedboard/NOT_GATE/_ide/bitstream/design_1_wrapper.bit"
16:08:35 INFO  : Context for 'APU' is selected.
16:08:38 INFO  : Hardware design and registers information is loaded from 'C:/Users/iankh/Documents/NTHU/8051/Project/test_zedboard/design_1_wrapper/export/design_1_wrapper/hw/design_1_wrapper.xsa'.
16:08:38 INFO  : 'configparams force-mem-access 1' command is executed.
16:08:38 INFO  : Context for 'APU' is selected.
16:08:38 INFO  : Sourcing of 'C:/Users/iankh/Documents/NTHU/8051/Project/test_zedboard/NOT_GATE/_ide/psinit/ps7_init.tcl' is done.
16:08:39 INFO  : 'ps7_init' command is executed.
16:08:39 INFO  : 'ps7_post_config' command is executed.
16:08:39 INFO  : Context for processor 'ps7_cortexa9_0' is selected.
16:08:39 INFO  : The application 'C:/Users/iankh/Documents/NTHU/8051/Project/test_zedboard/NOT_GATE/Debug/NOT_GATE.elf' is downloaded to processor 'ps7_cortexa9_0'.
16:08:39 INFO  : 'configparams force-mem-access 0' command is executed.
16:08:39 INFO  : ----------------XSDB Script----------------
connect -url tcp:127.0.0.1:3121
targets -set -nocase -filter {name =~"APU*"}
rst -system
after 3000
targets -set -filter {jtag_cable_name =~ "Digilent Zed 210248B4A80B" && level==0 && jtag_device_ctx=="jsn-Zed-210248B4A80B-23727093-0"}
fpga -file C:/Users/iankh/Documents/NTHU/8051/Project/test_zedboard/NOT_GATE/_ide/bitstream/design_1_wrapper.bit
targets -set -nocase -filter {name =~"APU*"}
loadhw -hw C:/Users/iankh/Documents/NTHU/8051/Project/test_zedboard/design_1_wrapper/export/design_1_wrapper/hw/design_1_wrapper.xsa -mem-ranges [list {0x40000000 0xbfffffff}] -regs
configparams force-mem-access 1
targets -set -nocase -filter {name =~"APU*"}
source C:/Users/iankh/Documents/NTHU/8051/Project/test_zedboard/NOT_GATE/_ide/psinit/ps7_init.tcl
ps7_init
ps7_post_config
targets -set -nocase -filter {name =~ "*A9*#0"}
dow C:/Users/iankh/Documents/NTHU/8051/Project/test_zedboard/NOT_GATE/Debug/NOT_GATE.elf
configparams force-mem-access 0
----------------End of Script----------------

16:08:39 INFO  : Context for processor 'ps7_cortexa9_0' is selected.
16:08:39 INFO  : 'con' command is executed.
16:08:39 INFO  : ----------------XSDB Script (After Launch)----------------
targets -set -nocase -filter {name =~ "*A9*#0"}
con
----------------End of Script----------------

16:08:39 INFO  : Launch script is exported to file 'C:\Users\iankh\Documents\NTHU\8051\Project\test_zedboard\.sdk\launch_scripts\single_application_debug\debugger_not_gate-default.tcl'
16:10:16 INFO  : Disconnected from the channel tcfchan#4.
16:10:17 INFO  : Connected to target on host '127.0.0.1' and port '3121'.
16:10:17 INFO  : Jtag cable 'Digilent Zed 210248B4A80B' is selected.
16:10:17 INFO  : 'jtag frequency' command is executed.
16:10:17 INFO  : Context for 'APU' is selected.
16:10:18 INFO  : System reset is completed.
16:10:21 INFO  : 'after 3000' command is executed.
16:10:21 INFO  : 'targets -set -filter {jtag_cable_name =~ "Digilent Zed 210248B4A80B" && level==0 && jtag_device_ctx=="jsn-Zed-210248B4A80B-23727093-0"}' command is executed.
16:10:23 INFO  : FPGA configured successfully with bitstream "C:/Users/iankh/Documents/NTHU/8051/Project/test_zedboard/NOT_GATE/_ide/bitstream/design_1_wrapper.bit"
16:10:23 INFO  : Context for 'APU' is selected.
16:10:26 INFO  : Hardware design and registers information is loaded from 'C:/Users/iankh/Documents/NTHU/8051/Project/test_zedboard/design_1_wrapper/export/design_1_wrapper/hw/design_1_wrapper.xsa'.
16:10:26 INFO  : 'configparams force-mem-access 1' command is executed.
16:10:26 INFO  : Context for 'APU' is selected.
16:10:26 INFO  : Sourcing of 'C:/Users/iankh/Documents/NTHU/8051/Project/test_zedboard/NOT_GATE/_ide/psinit/ps7_init.tcl' is done.
16:10:26 INFO  : 'ps7_init' command is executed.
16:10:26 INFO  : 'ps7_post_config' command is executed.
16:10:26 INFO  : Context for processor 'ps7_cortexa9_0' is selected.
16:10:26 INFO  : The application 'C:/Users/iankh/Documents/NTHU/8051/Project/test_zedboard/NOT_GATE/Debug/NOT_GATE.elf' is downloaded to processor 'ps7_cortexa9_0'.
16:10:26 INFO  : 'configparams force-mem-access 0' command is executed.
16:10:26 INFO  : ----------------XSDB Script----------------
connect -url tcp:127.0.0.1:3121
targets -set -nocase -filter {name =~"APU*"}
rst -system
after 3000
targets -set -filter {jtag_cable_name =~ "Digilent Zed 210248B4A80B" && level==0 && jtag_device_ctx=="jsn-Zed-210248B4A80B-23727093-0"}
fpga -file C:/Users/iankh/Documents/NTHU/8051/Project/test_zedboard/NOT_GATE/_ide/bitstream/design_1_wrapper.bit
targets -set -nocase -filter {name =~"APU*"}
loadhw -hw C:/Users/iankh/Documents/NTHU/8051/Project/test_zedboard/design_1_wrapper/export/design_1_wrapper/hw/design_1_wrapper.xsa -mem-ranges [list {0x40000000 0xbfffffff}] -regs
configparams force-mem-access 1
targets -set -nocase -filter {name =~"APU*"}
source C:/Users/iankh/Documents/NTHU/8051/Project/test_zedboard/NOT_GATE/_ide/psinit/ps7_init.tcl
ps7_init
ps7_post_config
targets -set -nocase -filter {name =~ "*A9*#0"}
dow C:/Users/iankh/Documents/NTHU/8051/Project/test_zedboard/NOT_GATE/Debug/NOT_GATE.elf
configparams force-mem-access 0
----------------End of Script----------------

16:10:26 INFO  : Context for processor 'ps7_cortexa9_0' is selected.
16:10:26 INFO  : 'con' command is executed.
16:10:26 INFO  : ----------------XSDB Script (After Launch)----------------
targets -set -nocase -filter {name =~ "*A9*#0"}
con
----------------End of Script----------------

16:10:26 INFO  : Launch script is exported to file 'C:\Users\iankh\Documents\NTHU\8051\Project\test_zedboard\.sdk\launch_scripts\single_application_debug\debugger_not_gate-default.tcl'
16:10:28 INFO  : Disconnected from the channel tcfchan#5.
16:10:29 INFO  : Connected to target on host '127.0.0.1' and port '3121'.
16:10:29 INFO  : Jtag cable 'Digilent Zed 210248B4A80B' is selected.
16:10:29 INFO  : 'jtag frequency' command is executed.
16:10:29 INFO  : Context for 'APU' is selected.
16:10:29 INFO  : System reset is completed.
16:10:32 INFO  : 'after 3000' command is executed.
16:10:32 INFO  : 'targets -set -filter {jtag_cable_name =~ "Digilent Zed 210248B4A80B" && level==0 && jtag_device_ctx=="jsn-Zed-210248B4A80B-23727093-0"}' command is executed.
16:10:35 INFO  : FPGA configured successfully with bitstream "C:/Users/iankh/Documents/NTHU/8051/Project/test_zedboard/NOT_GATE/_ide/bitstream/design_1_wrapper.bit"
16:10:35 INFO  : Context for 'APU' is selected.
16:10:38 INFO  : Hardware design and registers information is loaded from 'C:/Users/iankh/Documents/NTHU/8051/Project/test_zedboard/design_1_wrapper/export/design_1_wrapper/hw/design_1_wrapper.xsa'.
16:10:38 INFO  : 'configparams force-mem-access 1' command is executed.
16:10:38 INFO  : Context for 'APU' is selected.
16:10:38 INFO  : Sourcing of 'C:/Users/iankh/Documents/NTHU/8051/Project/test_zedboard/NOT_GATE/_ide/psinit/ps7_init.tcl' is done.
16:10:38 INFO  : 'ps7_init' command is executed.
16:10:38 INFO  : 'ps7_post_config' command is executed.
16:10:38 INFO  : Context for processor 'ps7_cortexa9_0' is selected.
16:10:38 INFO  : The application 'C:/Users/iankh/Documents/NTHU/8051/Project/test_zedboard/NOT_GATE/Debug/NOT_GATE.elf' is downloaded to processor 'ps7_cortexa9_0'.
16:10:38 INFO  : 'configparams force-mem-access 0' command is executed.
16:10:38 INFO  : ----------------XSDB Script----------------
connect -url tcp:127.0.0.1:3121
targets -set -nocase -filter {name =~"APU*"}
rst -system
after 3000
targets -set -filter {jtag_cable_name =~ "Digilent Zed 210248B4A80B" && level==0 && jtag_device_ctx=="jsn-Zed-210248B4A80B-23727093-0"}
fpga -file C:/Users/iankh/Documents/NTHU/8051/Project/test_zedboard/NOT_GATE/_ide/bitstream/design_1_wrapper.bit
targets -set -nocase -filter {name =~"APU*"}
loadhw -hw C:/Users/iankh/Documents/NTHU/8051/Project/test_zedboard/design_1_wrapper/export/design_1_wrapper/hw/design_1_wrapper.xsa -mem-ranges [list {0x40000000 0xbfffffff}] -regs
configparams force-mem-access 1
targets -set -nocase -filter {name =~"APU*"}
source C:/Users/iankh/Documents/NTHU/8051/Project/test_zedboard/NOT_GATE/_ide/psinit/ps7_init.tcl
ps7_init
ps7_post_config
targets -set -nocase -filter {name =~ "*A9*#0"}
dow C:/Users/iankh/Documents/NTHU/8051/Project/test_zedboard/NOT_GATE/Debug/NOT_GATE.elf
configparams force-mem-access 0
----------------End of Script----------------

16:10:39 INFO  : Context for processor 'ps7_cortexa9_0' is selected.
16:10:39 INFO  : 'con' command is executed.
16:10:39 INFO  : ----------------XSDB Script (After Launch)----------------
targets -set -nocase -filter {name =~ "*A9*#0"}
con
----------------End of Script----------------

16:10:39 INFO  : Launch script is exported to file 'C:\Users\iankh\Documents\NTHU\8051\Project\test_zedboard\.sdk\launch_scripts\single_application_debug\debugger_not_gate-default.tcl'
16:13:18 ERROR : An unexpected exception occurred in the module 'reading platform'
16:16:58 INFO  : Checking for BSP changes to sync application flags for project 'NOT_GATE'...
16:17:12 ERROR : (XSDB Server)ERROR: [Hsi 55-1571] The design file C:/Users/iankh/Documents/NTHU/8051/Project/test_zedboard/design_1_wrapper/export/design_1_wrapper/hw/design_1_wrapper.xsa is already opened

16:17:39 INFO  : Disconnected from the channel tcfchan#6.
16:17:40 INFO  : Connected to target on host '127.0.0.1' and port '3121'.
16:17:40 INFO  : Jtag cable 'Digilent Zed 210248B4A80B' is selected.
16:17:40 INFO  : 'jtag frequency' command is executed.
16:17:40 INFO  : Context for 'APU' is selected.
16:17:40 INFO  : System reset is completed.
16:17:43 INFO  : 'after 3000' command is executed.
16:17:43 INFO  : 'targets -set -filter {jtag_cable_name =~ "Digilent Zed 210248B4A80B" && level==0 && jtag_device_ctx=="jsn-Zed-210248B4A80B-23727093-0"}' command is executed.
16:17:45 INFO  : FPGA configured successfully with bitstream "C:/Users/iankh/Documents/NTHU/8051/Project/test_zedboard/NOT_GATE/_ide/bitstream/design_1_wrapper.bit"
16:17:45 INFO  : Context for 'APU' is selected.
16:17:49 INFO  : Hardware design and registers information is loaded from 'C:/Users/iankh/Documents/NTHU/8051/Project/test_zedboard/design_1_wrapper/export/design_1_wrapper/hw/design_1_wrapper.xsa'.
16:17:49 INFO  : 'configparams force-mem-access 1' command is executed.
16:17:49 INFO  : Context for 'APU' is selected.
16:17:49 INFO  : Sourcing of 'C:/Users/iankh/Documents/NTHU/8051/Project/test_zedboard/NOT_GATE/_ide/psinit/ps7_init.tcl' is done.
16:17:50 INFO  : 'ps7_init' command is executed.
16:17:50 INFO  : 'ps7_post_config' command is executed.
16:17:50 INFO  : Context for processor 'ps7_cortexa9_0' is selected.
16:17:50 INFO  : The application 'C:/Users/iankh/Documents/NTHU/8051/Project/test_zedboard/NOT_GATE/Debug/NOT_GATE.elf' is downloaded to processor 'ps7_cortexa9_0'.
16:17:50 INFO  : 'configparams force-mem-access 0' command is executed.
16:17:50 INFO  : ----------------XSDB Script----------------
connect -url tcp:127.0.0.1:3121
targets -set -nocase -filter {name =~"APU*"}
rst -system
after 3000
targets -set -filter {jtag_cable_name =~ "Digilent Zed 210248B4A80B" && level==0 && jtag_device_ctx=="jsn-Zed-210248B4A80B-23727093-0"}
fpga -file C:/Users/iankh/Documents/NTHU/8051/Project/test_zedboard/NOT_GATE/_ide/bitstream/design_1_wrapper.bit
targets -set -nocase -filter {name =~"APU*"}
loadhw -hw C:/Users/iankh/Documents/NTHU/8051/Project/test_zedboard/design_1_wrapper/export/design_1_wrapper/hw/design_1_wrapper.xsa -mem-ranges [list {0x40000000 0xbfffffff}] -regs
configparams force-mem-access 1
targets -set -nocase -filter {name =~"APU*"}
source C:/Users/iankh/Documents/NTHU/8051/Project/test_zedboard/NOT_GATE/_ide/psinit/ps7_init.tcl
ps7_init
ps7_post_config
targets -set -nocase -filter {name =~ "*A9*#0"}
dow C:/Users/iankh/Documents/NTHU/8051/Project/test_zedboard/NOT_GATE/Debug/NOT_GATE.elf
configparams force-mem-access 0
----------------End of Script----------------

16:17:50 INFO  : Context for processor 'ps7_cortexa9_0' is selected.
16:17:50 INFO  : 'con' command is executed.
16:17:50 INFO  : ----------------XSDB Script (After Launch)----------------
targets -set -nocase -filter {name =~ "*A9*#0"}
con
----------------End of Script----------------

16:17:50 INFO  : Launch script is exported to file 'C:\Users\iankh\Documents\NTHU\8051\Project\test_zedboard\.sdk\launch_scripts\single_application_debug\debugger_not_gate-default.tcl'
16:19:04 INFO  : Checking for BSP changes to sync application flags for project 'NOT_GATE'...
16:19:12 INFO  : Disconnected from the channel tcfchan#8.
16:19:13 INFO  : Connected to target on host '127.0.0.1' and port '3121'.
16:19:13 INFO  : Jtag cable 'Digilent Zed 210248B4A80B' is selected.
16:19:13 INFO  : 'jtag frequency' command is executed.
16:19:13 INFO  : Context for 'APU' is selected.
16:19:13 INFO  : System reset is completed.
16:19:16 INFO  : 'after 3000' command is executed.
16:19:16 INFO  : 'targets -set -filter {jtag_cable_name =~ "Digilent Zed 210248B4A80B" && level==0 && jtag_device_ctx=="jsn-Zed-210248B4A80B-23727093-0"}' command is executed.
16:19:19 INFO  : FPGA configured successfully with bitstream "C:/Users/iankh/Documents/NTHU/8051/Project/test_zedboard/NOT_GATE/_ide/bitstream/design_1_wrapper.bit"
16:19:19 INFO  : Context for 'APU' is selected.
16:19:19 INFO  : Hardware design and registers information is loaded from 'C:/Users/iankh/Documents/NTHU/8051/Project/test_zedboard/design_1_wrapper/export/design_1_wrapper/hw/design_1_wrapper.xsa'.
16:19:19 INFO  : 'configparams force-mem-access 1' command is executed.
16:19:19 INFO  : Context for 'APU' is selected.
16:19:19 INFO  : Sourcing of 'C:/Users/iankh/Documents/NTHU/8051/Project/test_zedboard/NOT_GATE/_ide/psinit/ps7_init.tcl' is done.
16:19:19 INFO  : 'ps7_init' command is executed.
16:19:19 INFO  : 'ps7_post_config' command is executed.
16:19:19 INFO  : Context for processor 'ps7_cortexa9_0' is selected.
16:19:19 INFO  : The application 'C:/Users/iankh/Documents/NTHU/8051/Project/test_zedboard/NOT_GATE/Debug/NOT_GATE.elf' is downloaded to processor 'ps7_cortexa9_0'.
16:19:19 INFO  : 'configparams force-mem-access 0' command is executed.
16:19:19 INFO  : ----------------XSDB Script----------------
connect -url tcp:127.0.0.1:3121
targets -set -nocase -filter {name =~"APU*"}
rst -system
after 3000
targets -set -filter {jtag_cable_name =~ "Digilent Zed 210248B4A80B" && level==0 && jtag_device_ctx=="jsn-Zed-210248B4A80B-23727093-0"}
fpga -file C:/Users/iankh/Documents/NTHU/8051/Project/test_zedboard/NOT_GATE/_ide/bitstream/design_1_wrapper.bit
targets -set -nocase -filter {name =~"APU*"}
loadhw -hw C:/Users/iankh/Documents/NTHU/8051/Project/test_zedboard/design_1_wrapper/export/design_1_wrapper/hw/design_1_wrapper.xsa -mem-ranges [list {0x40000000 0xbfffffff}] -regs
configparams force-mem-access 1
targets -set -nocase -filter {name =~"APU*"}
source C:/Users/iankh/Documents/NTHU/8051/Project/test_zedboard/NOT_GATE/_ide/psinit/ps7_init.tcl
ps7_init
ps7_post_config
targets -set -nocase -filter {name =~ "*A9*#0"}
dow C:/Users/iankh/Documents/NTHU/8051/Project/test_zedboard/NOT_GATE/Debug/NOT_GATE.elf
configparams force-mem-access 0
----------------End of Script----------------

16:19:20 INFO  : Context for processor 'ps7_cortexa9_0' is selected.
16:19:20 INFO  : 'con' command is executed.
16:19:20 INFO  : ----------------XSDB Script (After Launch)----------------
targets -set -nocase -filter {name =~ "*A9*#0"}
con
----------------End of Script----------------

16:19:20 INFO  : Launch script is exported to file 'C:\Users\iankh\Documents\NTHU\8051\Project\test_zedboard\.sdk\launch_scripts\single_application_debug\debugger_not_gate-default.tcl'
16:20:40 INFO  : Checking for BSP changes to sync application flags for project 'NOT_GATE'...
16:20:53 INFO  : Disconnected from the channel tcfchan#9.
16:20:54 INFO  : Connected to target on host '127.0.0.1' and port '3121'.
16:20:54 INFO  : Jtag cable 'Digilent Zed 210248B4A80B' is selected.
16:20:54 INFO  : 'jtag frequency' command is executed.
16:20:54 INFO  : Context for 'APU' is selected.
16:20:54 INFO  : System reset is completed.
16:20:57 INFO  : 'after 3000' command is executed.
16:20:58 INFO  : 'targets -set -filter {jtag_cable_name =~ "Digilent Zed 210248B4A80B" && level==0 && jtag_device_ctx=="jsn-Zed-210248B4A80B-23727093-0"}' command is executed.
16:21:00 INFO  : FPGA configured successfully with bitstream "C:/Users/iankh/Documents/NTHU/8051/Project/test_zedboard/NOT_GATE/_ide/bitstream/design_1_wrapper.bit"
16:21:00 INFO  : Context for 'APU' is selected.
16:21:00 INFO  : Hardware design and registers information is loaded from 'C:/Users/iankh/Documents/NTHU/8051/Project/test_zedboard/design_1_wrapper/export/design_1_wrapper/hw/design_1_wrapper.xsa'.
16:21:00 INFO  : 'configparams force-mem-access 1' command is executed.
16:21:00 INFO  : Context for 'APU' is selected.
16:21:00 INFO  : Sourcing of 'C:/Users/iankh/Documents/NTHU/8051/Project/test_zedboard/NOT_GATE/_ide/psinit/ps7_init.tcl' is done.
16:21:01 INFO  : 'ps7_init' command is executed.
16:21:01 INFO  : 'ps7_post_config' command is executed.
16:21:01 INFO  : Context for processor 'ps7_cortexa9_0' is selected.
16:21:01 INFO  : The application 'C:/Users/iankh/Documents/NTHU/8051/Project/test_zedboard/NOT_GATE/Debug/NOT_GATE.elf' is downloaded to processor 'ps7_cortexa9_0'.
16:21:01 INFO  : 'configparams force-mem-access 0' command is executed.
16:21:01 INFO  : ----------------XSDB Script----------------
connect -url tcp:127.0.0.1:3121
targets -set -nocase -filter {name =~"APU*"}
rst -system
after 3000
targets -set -filter {jtag_cable_name =~ "Digilent Zed 210248B4A80B" && level==0 && jtag_device_ctx=="jsn-Zed-210248B4A80B-23727093-0"}
fpga -file C:/Users/iankh/Documents/NTHU/8051/Project/test_zedboard/NOT_GATE/_ide/bitstream/design_1_wrapper.bit
targets -set -nocase -filter {name =~"APU*"}
loadhw -hw C:/Users/iankh/Documents/NTHU/8051/Project/test_zedboard/design_1_wrapper/export/design_1_wrapper/hw/design_1_wrapper.xsa -mem-ranges [list {0x40000000 0xbfffffff}] -regs
configparams force-mem-access 1
targets -set -nocase -filter {name =~"APU*"}
source C:/Users/iankh/Documents/NTHU/8051/Project/test_zedboard/NOT_GATE/_ide/psinit/ps7_init.tcl
ps7_init
ps7_post_config
targets -set -nocase -filter {name =~ "*A9*#0"}
dow C:/Users/iankh/Documents/NTHU/8051/Project/test_zedboard/NOT_GATE/Debug/NOT_GATE.elf
configparams force-mem-access 0
----------------End of Script----------------

16:21:01 INFO  : Context for processor 'ps7_cortexa9_0' is selected.
16:21:01 INFO  : 'con' command is executed.
16:21:01 INFO  : ----------------XSDB Script (After Launch)----------------
targets -set -nocase -filter {name =~ "*A9*#0"}
con
----------------End of Script----------------

16:21:01 INFO  : Launch script is exported to file 'C:\Users\iankh\Documents\NTHU\8051\Project\test_zedboard\.sdk\launch_scripts\single_application_debug\debugger_not_gate-default.tcl'
16:21:26 INFO  : Checking for BSP changes to sync application flags for project 'NOT_GATE'...
16:21:32 INFO  : Disconnected from the channel tcfchan#10.
16:21:33 INFO  : Connected to target on host '127.0.0.1' and port '3121'.
16:21:34 INFO  : Jtag cable 'Digilent Zed 210248B4A80B' is selected.
16:21:34 INFO  : 'jtag frequency' command is executed.
16:21:34 INFO  : Context for 'APU' is selected.
16:21:34 INFO  : System reset is completed.
16:21:37 INFO  : 'after 3000' command is executed.
16:21:37 INFO  : 'targets -set -filter {jtag_cable_name =~ "Digilent Zed 210248B4A80B" && level==0 && jtag_device_ctx=="jsn-Zed-210248B4A80B-23727093-0"}' command is executed.
16:21:39 INFO  : FPGA configured successfully with bitstream "C:/Users/iankh/Documents/NTHU/8051/Project/test_zedboard/NOT_GATE/_ide/bitstream/design_1_wrapper.bit"
16:21:39 INFO  : Context for 'APU' is selected.
16:21:39 INFO  : Hardware design and registers information is loaded from 'C:/Users/iankh/Documents/NTHU/8051/Project/test_zedboard/design_1_wrapper/export/design_1_wrapper/hw/design_1_wrapper.xsa'.
16:21:39 INFO  : 'configparams force-mem-access 1' command is executed.
16:21:39 INFO  : Context for 'APU' is selected.
16:21:39 INFO  : Sourcing of 'C:/Users/iankh/Documents/NTHU/8051/Project/test_zedboard/NOT_GATE/_ide/psinit/ps7_init.tcl' is done.
16:21:40 INFO  : 'ps7_init' command is executed.
16:21:40 INFO  : 'ps7_post_config' command is executed.
16:21:40 INFO  : Context for processor 'ps7_cortexa9_0' is selected.
16:21:40 INFO  : The application 'C:/Users/iankh/Documents/NTHU/8051/Project/test_zedboard/NOT_GATE/Debug/NOT_GATE.elf' is downloaded to processor 'ps7_cortexa9_0'.
16:21:40 INFO  : 'configparams force-mem-access 0' command is executed.
16:21:40 INFO  : ----------------XSDB Script----------------
connect -url tcp:127.0.0.1:3121
targets -set -nocase -filter {name =~"APU*"}
rst -system
after 3000
targets -set -filter {jtag_cable_name =~ "Digilent Zed 210248B4A80B" && level==0 && jtag_device_ctx=="jsn-Zed-210248B4A80B-23727093-0"}
fpga -file C:/Users/iankh/Documents/NTHU/8051/Project/test_zedboard/NOT_GATE/_ide/bitstream/design_1_wrapper.bit
targets -set -nocase -filter {name =~"APU*"}
loadhw -hw C:/Users/iankh/Documents/NTHU/8051/Project/test_zedboard/design_1_wrapper/export/design_1_wrapper/hw/design_1_wrapper.xsa -mem-ranges [list {0x40000000 0xbfffffff}] -regs
configparams force-mem-access 1
targets -set -nocase -filter {name =~"APU*"}
source C:/Users/iankh/Documents/NTHU/8051/Project/test_zedboard/NOT_GATE/_ide/psinit/ps7_init.tcl
ps7_init
ps7_post_config
targets -set -nocase -filter {name =~ "*A9*#0"}
dow C:/Users/iankh/Documents/NTHU/8051/Project/test_zedboard/NOT_GATE/Debug/NOT_GATE.elf
configparams force-mem-access 0
----------------End of Script----------------

16:21:40 INFO  : Context for processor 'ps7_cortexa9_0' is selected.
16:21:40 INFO  : 'con' command is executed.
16:21:40 INFO  : ----------------XSDB Script (After Launch)----------------
targets -set -nocase -filter {name =~ "*A9*#0"}
con
----------------End of Script----------------

16:21:40 INFO  : Launch script is exported to file 'C:\Users\iankh\Documents\NTHU\8051\Project\test_zedboard\.sdk\launch_scripts\single_application_debug\debugger_not_gate-default.tcl'
16:22:28 INFO  : Disconnected from the channel tcfchan#11.
16:22:29 INFO  : Connected to target on host '127.0.0.1' and port '3121'.
16:22:29 INFO  : Jtag cable 'Digilent Zed 210248B4A80B' is selected.
16:22:29 INFO  : 'jtag frequency' command is executed.
16:22:29 INFO  : Context for 'APU' is selected.
16:22:29 INFO  : System reset is completed.
16:22:32 INFO  : 'after 3000' command is executed.
16:22:32 INFO  : 'targets -set -filter {jtag_cable_name =~ "Digilent Zed 210248B4A80B" && level==0 && jtag_device_ctx=="jsn-Zed-210248B4A80B-23727093-0"}' command is executed.
16:22:35 INFO  : FPGA configured successfully with bitstream "C:/Users/iankh/Documents/NTHU/8051/Project/test_zedboard/NOT_GATE/_ide/bitstream/design_1_wrapper.bit"
16:22:35 INFO  : Context for 'APU' is selected.
16:22:35 INFO  : Hardware design and registers information is loaded from 'C:/Users/iankh/Documents/NTHU/8051/Project/test_zedboard/design_1_wrapper/export/design_1_wrapper/hw/design_1_wrapper.xsa'.
16:22:35 INFO  : 'configparams force-mem-access 1' command is executed.
16:22:35 INFO  : Context for 'APU' is selected.
16:22:35 INFO  : Sourcing of 'C:/Users/iankh/Documents/NTHU/8051/Project/test_zedboard/NOT_GATE/_ide/psinit/ps7_init.tcl' is done.
16:22:35 INFO  : 'ps7_init' command is executed.
16:22:35 INFO  : 'ps7_post_config' command is executed.
16:22:35 INFO  : Context for processor 'ps7_cortexa9_0' is selected.
16:22:36 INFO  : The application 'C:/Users/iankh/Documents/NTHU/8051/Project/test_zedboard/NOT_GATE/Debug/NOT_GATE.elf' is downloaded to processor 'ps7_cortexa9_0'.
16:22:36 INFO  : 'configparams force-mem-access 0' command is executed.
16:22:36 INFO  : ----------------XSDB Script----------------
connect -url tcp:127.0.0.1:3121
targets -set -nocase -filter {name =~"APU*"}
rst -system
after 3000
targets -set -filter {jtag_cable_name =~ "Digilent Zed 210248B4A80B" && level==0 && jtag_device_ctx=="jsn-Zed-210248B4A80B-23727093-0"}
fpga -file C:/Users/iankh/Documents/NTHU/8051/Project/test_zedboard/NOT_GATE/_ide/bitstream/design_1_wrapper.bit
targets -set -nocase -filter {name =~"APU*"}
loadhw -hw C:/Users/iankh/Documents/NTHU/8051/Project/test_zedboard/design_1_wrapper/export/design_1_wrapper/hw/design_1_wrapper.xsa -mem-ranges [list {0x40000000 0xbfffffff}] -regs
configparams force-mem-access 1
targets -set -nocase -filter {name =~"APU*"}
source C:/Users/iankh/Documents/NTHU/8051/Project/test_zedboard/NOT_GATE/_ide/psinit/ps7_init.tcl
ps7_init
ps7_post_config
targets -set -nocase -filter {name =~ "*A9*#0"}
dow C:/Users/iankh/Documents/NTHU/8051/Project/test_zedboard/NOT_GATE/Debug/NOT_GATE.elf
configparams force-mem-access 0
----------------End of Script----------------

16:22:36 INFO  : Context for processor 'ps7_cortexa9_0' is selected.
16:22:36 INFO  : 'con' command is executed.
16:22:36 INFO  : ----------------XSDB Script (After Launch)----------------
targets -set -nocase -filter {name =~ "*A9*#0"}
con
----------------End of Script----------------

16:22:36 INFO  : Launch script is exported to file 'C:\Users\iankh\Documents\NTHU\8051\Project\test_zedboard\.sdk\launch_scripts\single_application_debug\debugger_not_gate-default.tcl'
16:48:17 INFO  : Checking for BSP changes to sync application flags for project 'NOT_GATE'...
16:48:33 INFO  : Disconnected from the channel tcfchan#12.
16:48:34 INFO  : Connected to target on host '127.0.0.1' and port '3121'.
16:48:35 INFO  : Jtag cable 'Digilent Zed 210248B4A80B' is selected.
16:48:35 INFO  : 'jtag frequency' command is executed.
16:48:35 INFO  : Context for 'APU' is selected.
16:48:35 INFO  : System reset is completed.
16:48:38 INFO  : 'after 3000' command is executed.
16:48:38 INFO  : 'targets -set -filter {jtag_cable_name =~ "Digilent Zed 210248B4A80B" && level==0 && jtag_device_ctx=="jsn-Zed-210248B4A80B-23727093-0"}' command is executed.
16:48:40 INFO  : FPGA configured successfully with bitstream "C:/Users/iankh/Documents/NTHU/8051/Project/test_zedboard/NOT_GATE/_ide/bitstream/design_1_wrapper.bit"
16:48:40 INFO  : Context for 'APU' is selected.
16:48:41 INFO  : Hardware design and registers information is loaded from 'C:/Users/iankh/Documents/NTHU/8051/Project/test_zedboard/design_1_wrapper/export/design_1_wrapper/hw/design_1_wrapper.xsa'.
16:48:41 INFO  : 'configparams force-mem-access 1' command is executed.
16:48:41 INFO  : Context for 'APU' is selected.
16:48:41 INFO  : Sourcing of 'C:/Users/iankh/Documents/NTHU/8051/Project/test_zedboard/NOT_GATE/_ide/psinit/ps7_init.tcl' is done.
16:48:41 INFO  : 'ps7_init' command is executed.
16:48:41 INFO  : 'ps7_post_config' command is executed.
16:48:41 INFO  : Context for processor 'ps7_cortexa9_0' is selected.
16:48:41 INFO  : The application 'C:/Users/iankh/Documents/NTHU/8051/Project/test_zedboard/NOT_GATE/Debug/NOT_GATE.elf' is downloaded to processor 'ps7_cortexa9_0'.
16:48:41 INFO  : 'configparams force-mem-access 0' command is executed.
16:48:41 INFO  : ----------------XSDB Script----------------
connect -url tcp:127.0.0.1:3121
targets -set -nocase -filter {name =~"APU*"}
rst -system
after 3000
targets -set -filter {jtag_cable_name =~ "Digilent Zed 210248B4A80B" && level==0 && jtag_device_ctx=="jsn-Zed-210248B4A80B-23727093-0"}
fpga -file C:/Users/iankh/Documents/NTHU/8051/Project/test_zedboard/NOT_GATE/_ide/bitstream/design_1_wrapper.bit
targets -set -nocase -filter {name =~"APU*"}
loadhw -hw C:/Users/iankh/Documents/NTHU/8051/Project/test_zedboard/design_1_wrapper/export/design_1_wrapper/hw/design_1_wrapper.xsa -mem-ranges [list {0x40000000 0xbfffffff}] -regs
configparams force-mem-access 1
targets -set -nocase -filter {name =~"APU*"}
source C:/Users/iankh/Documents/NTHU/8051/Project/test_zedboard/NOT_GATE/_ide/psinit/ps7_init.tcl
ps7_init
ps7_post_config
targets -set -nocase -filter {name =~ "*A9*#0"}
dow C:/Users/iankh/Documents/NTHU/8051/Project/test_zedboard/NOT_GATE/Debug/NOT_GATE.elf
configparams force-mem-access 0
----------------End of Script----------------

16:48:41 INFO  : Context for processor 'ps7_cortexa9_0' is selected.
16:48:42 INFO  : 'con' command is executed.
16:48:42 INFO  : ----------------XSDB Script (After Launch)----------------
targets -set -nocase -filter {name =~ "*A9*#0"}
con
----------------End of Script----------------

16:48:42 INFO  : Launch script is exported to file 'C:\Users\iankh\Documents\NTHU\8051\Project\test_zedboard\.sdk\launch_scripts\single_application_debug\debugger_not_gate-default.tcl'
16:50:01 INFO  : Disconnected from the channel tcfchan#13.
16:50:02 INFO  : Connected to target on host '127.0.0.1' and port '3121'.
16:50:02 INFO  : Jtag cable 'Digilent Zed 210248B4A80B' is selected.
16:50:02 INFO  : 'jtag frequency' command is executed.
16:50:02 INFO  : Context for 'APU' is selected.
16:50:02 INFO  : System reset is completed.
16:50:05 INFO  : 'after 3000' command is executed.
16:50:06 INFO  : 'targets -set -filter {jtag_cable_name =~ "Digilent Zed 210248B4A80B" && level==0 && jtag_device_ctx=="jsn-Zed-210248B4A80B-23727093-0"}' command is executed.
16:50:08 INFO  : FPGA configured successfully with bitstream "C:/Users/iankh/Documents/NTHU/8051/Project/test_zedboard/NOT_GATE/_ide/bitstream/design_1_wrapper.bit"
16:50:08 INFO  : Context for 'APU' is selected.
16:50:08 INFO  : Hardware design and registers information is loaded from 'C:/Users/iankh/Documents/NTHU/8051/Project/test_zedboard/design_1_wrapper/export/design_1_wrapper/hw/design_1_wrapper.xsa'.
16:50:08 INFO  : 'configparams force-mem-access 1' command is executed.
16:50:08 INFO  : Context for 'APU' is selected.
16:50:08 INFO  : Sourcing of 'C:/Users/iankh/Documents/NTHU/8051/Project/test_zedboard/NOT_GATE/_ide/psinit/ps7_init.tcl' is done.
16:50:09 INFO  : 'ps7_init' command is executed.
16:50:09 INFO  : 'ps7_post_config' command is executed.
16:50:09 INFO  : Context for processor 'ps7_cortexa9_0' is selected.
16:50:09 INFO  : The application 'C:/Users/iankh/Documents/NTHU/8051/Project/test_zedboard/NOT_GATE/Debug/NOT_GATE.elf' is downloaded to processor 'ps7_cortexa9_0'.
16:50:09 INFO  : 'configparams force-mem-access 0' command is executed.
16:50:09 INFO  : ----------------XSDB Script----------------
connect -url tcp:127.0.0.1:3121
targets -set -nocase -filter {name =~"APU*"}
rst -system
after 3000
targets -set -filter {jtag_cable_name =~ "Digilent Zed 210248B4A80B" && level==0 && jtag_device_ctx=="jsn-Zed-210248B4A80B-23727093-0"}
fpga -file C:/Users/iankh/Documents/NTHU/8051/Project/test_zedboard/NOT_GATE/_ide/bitstream/design_1_wrapper.bit
targets -set -nocase -filter {name =~"APU*"}
loadhw -hw C:/Users/iankh/Documents/NTHU/8051/Project/test_zedboard/design_1_wrapper/export/design_1_wrapper/hw/design_1_wrapper.xsa -mem-ranges [list {0x40000000 0xbfffffff}] -regs
configparams force-mem-access 1
targets -set -nocase -filter {name =~"APU*"}
source C:/Users/iankh/Documents/NTHU/8051/Project/test_zedboard/NOT_GATE/_ide/psinit/ps7_init.tcl
ps7_init
ps7_post_config
targets -set -nocase -filter {name =~ "*A9*#0"}
dow C:/Users/iankh/Documents/NTHU/8051/Project/test_zedboard/NOT_GATE/Debug/NOT_GATE.elf
configparams force-mem-access 0
----------------End of Script----------------

16:50:09 INFO  : Context for processor 'ps7_cortexa9_0' is selected.
16:50:09 INFO  : 'con' command is executed.
16:50:09 INFO  : ----------------XSDB Script (After Launch)----------------
targets -set -nocase -filter {name =~ "*A9*#0"}
con
----------------End of Script----------------

16:50:09 INFO  : Launch script is exported to file 'C:\Users\iankh\Documents\NTHU\8051\Project\test_zedboard\.sdk\launch_scripts\single_application_debug\debugger_not_gate-default.tcl'
16:51:47 INFO  : Result from executing command 'getProjects': design_1_wrapper;design_1_wrapper_1
16:51:47 INFO  : Result from executing command 'getPlatforms': design_1_wrapper|C:/Users/iankh/Documents/NTHU/8051/Project/test_zedboard/design_1_wrapper/export/design_1_wrapper/design_1_wrapper.xpfm
16:51:48 INFO  : Platform 'design_1_wrapper_1' is added to custom repositories.
16:52:09 INFO  : Platform 'design_1_wrapper_1' is added to custom repositories.
16:54:02 INFO  : Result from executing command 'getProjects': design_1_wrapper;design_1_wrapper_1
16:54:02 INFO  : Result from executing command 'getPlatforms': design_1_wrapper_1|C:/Users/iankh/Documents/NTHU/8051/Project/test_zedboard/design_1_wrapper_1/export/design_1_wrapper_1/design_1_wrapper_1.xpfm;design_1_wrapper|C:/Users/iankh/Documents/NTHU/8051/Project/test_zedboard/design_1_wrapper/export/design_1_wrapper/design_1_wrapper.xpfm
16:54:03 INFO  : Checking for BSP changes to sync application flags for project 'NAND_test'...
16:54:14 INFO  : Connected to target on host '127.0.0.1' and port '3121'.
16:54:15 INFO  : Jtag cable 'Digilent Zed 210248B4A80B' is selected.
16:54:15 INFO  : 'jtag frequency' command is executed.
16:54:15 INFO  : Context for 'APU' is selected.
16:54:15 INFO  : System reset is completed.
16:54:18 INFO  : 'after 3000' command is executed.
16:54:18 INFO  : 'targets -set -filter {jtag_cable_name =~ "Digilent Zed 210248B4A80B" && level==0 && jtag_device_ctx=="jsn-Zed-210248B4A80B-23727093-0"}' command is executed.
16:54:20 INFO  : FPGA configured successfully with bitstream "C:/Users/iankh/Documents/NTHU/8051/Project/test_zedboard/NAND_test/_ide/bitstream/design_1_wrapper.bit"
16:54:20 INFO  : Context for 'APU' is selected.
16:54:21 INFO  : Hardware design and registers information is loaded from 'C:/Users/iankh/Documents/NTHU/8051/Project/test_zedboard/design_1_wrapper_1/export/design_1_wrapper_1/hw/design_1_wrapper.xsa'.
16:54:21 INFO  : 'configparams force-mem-access 1' command is executed.
16:54:21 INFO  : Context for 'APU' is selected.
16:54:21 INFO  : Sourcing of 'C:/Users/iankh/Documents/NTHU/8051/Project/test_zedboard/NAND_test/_ide/psinit/ps7_init.tcl' is done.
16:54:21 INFO  : 'ps7_init' command is executed.
16:54:21 INFO  : 'ps7_post_config' command is executed.
16:54:21 INFO  : Context for processor 'ps7_cortexa9_0' is selected.
16:54:21 INFO  : The application 'C:/Users/iankh/Documents/NTHU/8051/Project/test_zedboard/NAND_test/Debug/NAND_test.elf' is downloaded to processor 'ps7_cortexa9_0'.
16:54:21 INFO  : 'configparams force-mem-access 0' command is executed.
16:54:21 INFO  : ----------------XSDB Script----------------
connect -url tcp:127.0.0.1:3121
targets -set -nocase -filter {name =~"APU*"}
rst -system
after 3000
targets -set -filter {jtag_cable_name =~ "Digilent Zed 210248B4A80B" && level==0 && jtag_device_ctx=="jsn-Zed-210248B4A80B-23727093-0"}
fpga -file C:/Users/iankh/Documents/NTHU/8051/Project/test_zedboard/NAND_test/_ide/bitstream/design_1_wrapper.bit
targets -set -nocase -filter {name =~"APU*"}
loadhw -hw C:/Users/iankh/Documents/NTHU/8051/Project/test_zedboard/design_1_wrapper_1/export/design_1_wrapper_1/hw/design_1_wrapper.xsa -mem-ranges [list {0x40000000 0xbfffffff}] -regs
configparams force-mem-access 1
targets -set -nocase -filter {name =~"APU*"}
source C:/Users/iankh/Documents/NTHU/8051/Project/test_zedboard/NAND_test/_ide/psinit/ps7_init.tcl
ps7_init
ps7_post_config
targets -set -nocase -filter {name =~ "*A9*#0"}
dow C:/Users/iankh/Documents/NTHU/8051/Project/test_zedboard/NAND_test/Debug/NAND_test.elf
configparams force-mem-access 0
----------------End of Script----------------

16:54:22 INFO  : Context for processor 'ps7_cortexa9_0' is selected.
16:54:22 INFO  : 'con' command is executed.
16:54:22 INFO  : ----------------XSDB Script (After Launch)----------------
targets -set -nocase -filter {name =~ "*A9*#0"}
con
----------------End of Script----------------

16:54:22 INFO  : Launch script is exported to file 'C:\Users\iankh\Documents\NTHU\8051\Project\test_zedboard\.sdk\launch_scripts\single_application_debug\debugger_nand_test-default.tcl'
16:58:01 INFO  : Checking for BSP changes to sync application flags for project 'NAND_test'...
16:58:35 INFO  : Disconnected from the channel tcfchan#14.
16:58:36 INFO  : Connected to target on host '127.0.0.1' and port '3121'.
16:58:37 INFO  : Jtag cable 'Digilent Zed 210248B4A80B' is selected.
16:58:37 INFO  : 'jtag frequency' command is executed.
16:58:37 INFO  : Context for 'APU' is selected.
16:58:37 INFO  : System reset is completed.
16:58:40 INFO  : 'after 3000' command is executed.
16:58:40 INFO  : 'targets -set -filter {jtag_cable_name =~ "Digilent Zed 210248B4A80B" && level==0 && jtag_device_ctx=="jsn-Zed-210248B4A80B-23727093-0"}' command is executed.
16:58:42 INFO  : FPGA configured successfully with bitstream "C:/Users/iankh/Documents/NTHU/8051/Project/test_zedboard/NAND_test/_ide/bitstream/design_1_wrapper.bit"
16:58:42 INFO  : Context for 'APU' is selected.
16:58:42 INFO  : Hardware design and registers information is loaded from 'C:/Users/iankh/Documents/NTHU/8051/Project/test_zedboard/design_1_wrapper_1/export/design_1_wrapper_1/hw/design_1_wrapper.xsa'.
16:58:42 INFO  : 'configparams force-mem-access 1' command is executed.
16:58:42 INFO  : Context for 'APU' is selected.
16:58:42 INFO  : Sourcing of 'C:/Users/iankh/Documents/NTHU/8051/Project/test_zedboard/NAND_test/_ide/psinit/ps7_init.tcl' is done.
16:58:43 INFO  : 'ps7_init' command is executed.
16:58:43 INFO  : 'ps7_post_config' command is executed.
16:58:43 INFO  : Context for processor 'ps7_cortexa9_0' is selected.
16:58:43 INFO  : The application 'C:/Users/iankh/Documents/NTHU/8051/Project/test_zedboard/NAND_test/Debug/NAND_test.elf' is downloaded to processor 'ps7_cortexa9_0'.
16:58:43 INFO  : 'configparams force-mem-access 0' command is executed.
16:58:43 INFO  : ----------------XSDB Script----------------
connect -url tcp:127.0.0.1:3121
targets -set -nocase -filter {name =~"APU*"}
rst -system
after 3000
targets -set -filter {jtag_cable_name =~ "Digilent Zed 210248B4A80B" && level==0 && jtag_device_ctx=="jsn-Zed-210248B4A80B-23727093-0"}
fpga -file C:/Users/iankh/Documents/NTHU/8051/Project/test_zedboard/NAND_test/_ide/bitstream/design_1_wrapper.bit
targets -set -nocase -filter {name =~"APU*"}
loadhw -hw C:/Users/iankh/Documents/NTHU/8051/Project/test_zedboard/design_1_wrapper_1/export/design_1_wrapper_1/hw/design_1_wrapper.xsa -mem-ranges [list {0x40000000 0xbfffffff}] -regs
configparams force-mem-access 1
targets -set -nocase -filter {name =~"APU*"}
source C:/Users/iankh/Documents/NTHU/8051/Project/test_zedboard/NAND_test/_ide/psinit/ps7_init.tcl
ps7_init
ps7_post_config
targets -set -nocase -filter {name =~ "*A9*#0"}
dow C:/Users/iankh/Documents/NTHU/8051/Project/test_zedboard/NAND_test/Debug/NAND_test.elf
configparams force-mem-access 0
----------------End of Script----------------

16:58:44 INFO  : Context for processor 'ps7_cortexa9_0' is selected.
16:58:44 INFO  : 'con' command is executed.
16:58:44 INFO  : ----------------XSDB Script (After Launch)----------------
targets -set -nocase -filter {name =~ "*A9*#0"}
con
----------------End of Script----------------

16:58:44 INFO  : Launch script is exported to file 'C:\Users\iankh\Documents\NTHU\8051\Project\test_zedboard\.sdk\launch_scripts\single_application_debug\debugger_nand_test-default.tcl'
16:59:25 INFO  : Disconnected from the channel tcfchan#17.
16:59:26 INFO  : Connected to target on host '127.0.0.1' and port '3121'.
16:59:26 INFO  : Jtag cable 'Digilent Zed 210248B4A80B' is selected.
16:59:26 INFO  : 'jtag frequency' command is executed.
16:59:26 INFO  : Context for 'APU' is selected.
16:59:26 INFO  : System reset is completed.
16:59:29 INFO  : 'after 3000' command is executed.
16:59:30 INFO  : 'targets -set -filter {jtag_cable_name =~ "Digilent Zed 210248B4A80B" && level==0 && jtag_device_ctx=="jsn-Zed-210248B4A80B-23727093-0"}' command is executed.
16:59:32 INFO  : FPGA configured successfully with bitstream "C:/Users/iankh/Documents/NTHU/8051/Project/test_zedboard/NAND_test/_ide/bitstream/design_1_wrapper.bit"
16:59:32 INFO  : Context for 'APU' is selected.
16:59:32 INFO  : Hardware design and registers information is loaded from 'C:/Users/iankh/Documents/NTHU/8051/Project/test_zedboard/design_1_wrapper_1/export/design_1_wrapper_1/hw/design_1_wrapper.xsa'.
16:59:32 INFO  : 'configparams force-mem-access 1' command is executed.
16:59:32 INFO  : Context for 'APU' is selected.
16:59:32 INFO  : Sourcing of 'C:/Users/iankh/Documents/NTHU/8051/Project/test_zedboard/NAND_test/_ide/psinit/ps7_init.tcl' is done.
16:59:33 INFO  : 'ps7_init' command is executed.
16:59:33 INFO  : 'ps7_post_config' command is executed.
16:59:33 INFO  : Context for processor 'ps7_cortexa9_0' is selected.
16:59:33 INFO  : The application 'C:/Users/iankh/Documents/NTHU/8051/Project/test_zedboard/NAND_test/Debug/NAND_test.elf' is downloaded to processor 'ps7_cortexa9_0'.
16:59:33 INFO  : 'configparams force-mem-access 0' command is executed.
16:59:33 INFO  : ----------------XSDB Script----------------
connect -url tcp:127.0.0.1:3121
targets -set -nocase -filter {name =~"APU*"}
rst -system
after 3000
targets -set -filter {jtag_cable_name =~ "Digilent Zed 210248B4A80B" && level==0 && jtag_device_ctx=="jsn-Zed-210248B4A80B-23727093-0"}
fpga -file C:/Users/iankh/Documents/NTHU/8051/Project/test_zedboard/NAND_test/_ide/bitstream/design_1_wrapper.bit
targets -set -nocase -filter {name =~"APU*"}
loadhw -hw C:/Users/iankh/Documents/NTHU/8051/Project/test_zedboard/design_1_wrapper_1/export/design_1_wrapper_1/hw/design_1_wrapper.xsa -mem-ranges [list {0x40000000 0xbfffffff}] -regs
configparams force-mem-access 1
targets -set -nocase -filter {name =~"APU*"}
source C:/Users/iankh/Documents/NTHU/8051/Project/test_zedboard/NAND_test/_ide/psinit/ps7_init.tcl
ps7_init
ps7_post_config
targets -set -nocase -filter {name =~ "*A9*#0"}
dow C:/Users/iankh/Documents/NTHU/8051/Project/test_zedboard/NAND_test/Debug/NAND_test.elf
configparams force-mem-access 0
----------------End of Script----------------

16:59:33 INFO  : Context for processor 'ps7_cortexa9_0' is selected.
16:59:33 INFO  : 'con' command is executed.
16:59:33 INFO  : ----------------XSDB Script (After Launch)----------------
targets -set -nocase -filter {name =~ "*A9*#0"}
con
----------------End of Script----------------

16:59:33 INFO  : Launch script is exported to file 'C:\Users\iankh\Documents\NTHU\8051\Project\test_zedboard\.sdk\launch_scripts\single_application_debug\debugger_nand_test-default.tcl'
19:25:04 INFO  : Disconnected from the channel tcfchan#18.
19:25:05 INFO  : Connected to target on host '127.0.0.1' and port '3121'.
19:25:05 INFO  : Jtag cable 'Digilent Zed 210248B4A80B' is selected.
19:25:05 INFO  : 'jtag frequency' command is executed.
19:25:05 INFO  : Context for 'APU' is selected.
19:25:05 INFO  : System reset is completed.
19:25:08 INFO  : 'after 3000' command is executed.
19:25:09 INFO  : 'targets -set -filter {jtag_cable_name =~ "Digilent Zed 210248B4A80B" && level==0 && jtag_device_ctx=="jsn-Zed-210248B4A80B-23727093-0"}' command is executed.
19:25:11 INFO  : FPGA configured successfully with bitstream "C:/Users/iankh/Documents/NTHU/8051/Project/test_zedboard/NAND_test/_ide/bitstream/design_1_wrapper.bit"
19:25:11 INFO  : Context for 'APU' is selected.
19:25:11 INFO  : Hardware design and registers information is loaded from 'C:/Users/iankh/Documents/NTHU/8051/Project/test_zedboard/design_1_wrapper_1/export/design_1_wrapper_1/hw/design_1_wrapper.xsa'.
19:25:11 INFO  : 'configparams force-mem-access 1' command is executed.
19:25:11 INFO  : Context for 'APU' is selected.
19:25:11 INFO  : Sourcing of 'C:/Users/iankh/Documents/NTHU/8051/Project/test_zedboard/NAND_test/_ide/psinit/ps7_init.tcl' is done.
19:25:12 INFO  : 'ps7_init' command is executed.
19:25:12 INFO  : 'ps7_post_config' command is executed.
19:25:12 INFO  : Context for processor 'ps7_cortexa9_0' is selected.
19:25:13 INFO  : The application 'C:/Users/iankh/Documents/NTHU/8051/Project/test_zedboard/NAND_test/Debug/NAND_test.elf' is downloaded to processor 'ps7_cortexa9_0'.
19:25:13 INFO  : 'configparams force-mem-access 0' command is executed.
19:25:13 INFO  : ----------------XSDB Script----------------
connect -url tcp:127.0.0.1:3121
targets -set -nocase -filter {name =~"APU*"}
rst -system
after 3000
targets -set -filter {jtag_cable_name =~ "Digilent Zed 210248B4A80B" && level==0 && jtag_device_ctx=="jsn-Zed-210248B4A80B-23727093-0"}
fpga -file C:/Users/iankh/Documents/NTHU/8051/Project/test_zedboard/NAND_test/_ide/bitstream/design_1_wrapper.bit
targets -set -nocase -filter {name =~"APU*"}
loadhw -hw C:/Users/iankh/Documents/NTHU/8051/Project/test_zedboard/design_1_wrapper_1/export/design_1_wrapper_1/hw/design_1_wrapper.xsa -mem-ranges [list {0x40000000 0xbfffffff}] -regs
configparams force-mem-access 1
targets -set -nocase -filter {name =~"APU*"}
source C:/Users/iankh/Documents/NTHU/8051/Project/test_zedboard/NAND_test/_ide/psinit/ps7_init.tcl
ps7_init
ps7_post_config
targets -set -nocase -filter {name =~ "*A9*#0"}
dow C:/Users/iankh/Documents/NTHU/8051/Project/test_zedboard/NAND_test/Debug/NAND_test.elf
configparams force-mem-access 0
----------------End of Script----------------

19:25:13 INFO  : Context for processor 'ps7_cortexa9_0' is selected.
19:25:13 INFO  : 'con' command is executed.
19:25:13 INFO  : ----------------XSDB Script (After Launch)----------------
targets -set -nocase -filter {name =~ "*A9*#0"}
con
----------------End of Script----------------

19:25:13 INFO  : Launch script is exported to file 'C:\Users\iankh\Documents\NTHU\8051\Project\test_zedboard\.sdk\launch_scripts\single_application_debug\debugger_nand_test-default.tcl'
19:32:01 WARN  : channel "tcfchan#14" closed
19:32:02 INFO  : Disconnected from the channel tcfchan#19.
